TN:
SF:D:/AngluarJs/Angular5/angular-library-mgt/src/polyfills.ts
FNF:0
FNH:0
DA:46,1
DA:73,1
LF:2
LH:2
BRF:0
BRH:0
end_of_record
TN:
SF:D:/AngluarJs/Angular5/angular-library-mgt/src/test.ts
FNF:0
FNH:0
DA:3,1
DA:4,1
DA:5,1
DA:13,1
DA:18,1
DA:20,1
LF:6
LH:6
BRF:0
BRH:0
end_of_record
TN:
SF:D:/AngluarJs/Angular5/angular-library-mgt/src/app/app.component.ts
FN:9,(anonymous_2)
FN:13,AppComponent
FN:17,(anonymous_4)
FN:33,(anonymous_5)
FN:36,(anonymous_6)
FNF:5
FNH:1
FNDA:1,(anonymous_2)
FNDA:0,AppComponent
FNDA:0,(anonymous_4)
FNDA:0,(anonymous_5)
FNDA:0,(anonymous_6)
DA:1,1
DA:9,1
DA:17,1
DA:18,0
DA:33,1
DA:34,0
DA:36,1
DA:37,0
DA:40,1
LF:9
LH:6
BRF:0
BRH:0
end_of_record
TN:
SF:D:/AngluarJs/Angular5/angular-library-mgt/src/app/book/book.component.ts
FN:9,(anonymous_2)
FN:13,BookComponent
FN:18,(anonymous_4)
FN:20,(anonymous_5)
FNF:4
FNH:3
FNDA:1,(anonymous_2)
FNDA:2,BookComponent
FNDA:2,(anonymous_4)
FNDA:0,(anonymous_5)
DA:1,1
DA:2,1
DA:9,1
DA:10,1
DA:11,3
DA:18,1
DA:20,1
DA:21,0
DA:22,0
DA:25,1
LF:10
LH:8
BRF:0
BRH:0
end_of_record
TN:
SF:D:/AngluarJs/Angular5/angular-library-mgt/src/app/models/book.model.ts
FN:1,(anonymous_0)
FNF:1
FNH:1
FNDA:1,(anonymous_0)
DA:1,1
DA:6,1
LF:2
LH:2
BRF:0
BRH:0
end_of_record
